<?xml version="1.0" encoding="UTF-8"?>
<!-- Generated by org.testng.reporters.JUnitXMLReporter -->
<testsuite ignored="0" hostname="DESKTOP-30D7VOM" failures="0" tests="7" name="Test" time="0.848" errors="0" timestamp="2022-05-31T12:04:58 IST">
  <testcase classname="com.vtiger.practice.TestNgPractice2Test" name="mohan" time="0.167"/>
  <testcase classname="com.vtiger.practice.TestNgPractice2Test" name="mohan1" time="0.005"/>
  <testcase classname="com.vtiger.practice.TestNgPractice2Test" name="practice1Test" time="0.009"/>
  <testcase classname="com.vtiger.practice.TestNgPractice2Test" name="practice2Test" time="0.003"/>
  <testcase classname="com.vtiger.practice.TestNgPractice2Test" name="practice3Test" time="0.003"/>
  <testcase classname="com.vtiger.practice.TestNgPractice2Test" name="practice4Test" time="0.004"/>
  <testcase classname="com.vtiger.practice.TestNgPractice2Test" name="practice5Test" time="0.003"/>
</testsuite> <!-- Test -->
