<?xml version="1.0" encoding="UTF-8"?>
<!-- Generated by org.testng.reporters.JUnitXMLReporter -->
<testsuite ignored="0" hostname="DESKTOP-30D7VOM" failures="0" tests="7" name="Default test" time="5.079" errors="0" timestamp="2022-05-31T12:04:01 IST">
  <testcase classname="com.vtiger.practice.TestNgPractice2Test" name="mohan" time="3.239"/>
  <testcase classname="com.vtiger.practice.TestNgPractice2Test" name="mohan1" time="0.003"/>
  <testcase classname="com.vtiger.practice.TestNgPractice2Test" name="practice1Test" time="0.008"/>
  <testcase classname="com.vtiger.practice.TestNgPractice2Test" name="practice2Test" time="0.004"/>
  <testcase classname="com.vtiger.practice.TestNgPractice2Test" name="practice3Test" time="0.003"/>
  <testcase classname="com.vtiger.practice.TestNgPractice2Test" name="practice4Test" time="0.003"/>
  <testcase classname="com.vtiger.practice.TestNgPractice2Test" name="practice5Test" time="0.003"/>
</testsuite> <!-- Default test -->
